<?xml version="1.0" encoding="UTF-8"?>
<!-- Generated by org.testng.reporters.JUnitReportReporter -->
<testsuite hostname="DESKTOP-BQG3IKF" failures="0" tests="2" name="com.test.LoginTest" time="6.240" errors="0" timestamp="2024-07-08T00:59:44 EDT" skipped="0">
  <testcase classname="com.test.LoginTest" name="verifyLoginTest" time="3.614"/>
  <testcase classname="com.test.LoginTest" name="verifyError" time="2.626"/>
</testsuite> <!-- com.test.LoginTest -->
