<?xml version="1.0" encoding="UTF-8"?>
<!-- Generated by org.testng.reporters.JUnitReportReporter -->
<testsuite hostname="DESKTOP-BQG3IKF" failures="0" tests="2" name="com.test.HomeTest" time="6.195" errors="0" timestamp="2024-07-07T02:53:35 EDT" skipped="0">
  <testcase classname="com.test.HomeTest" name="verifyHeading" time="2.847"/>
  <testcase classname="com.test.HomeTest" name="verifyProduct" time="3.348"/>
</testsuite> <!-- com.test.HomeTest -->
