<?xml version="1.0" encoding="UTF-8"?>
<!-- Generated by org.testng.reporters.JUnitReportReporter -->
<testsuite hostname="DESKTOP-BQG3IKF" failures="0" tests="2" name="com.test.LoginTest" time="8.111" errors="0" timestamp="2024-07-07T02:53:35 EDT" skipped="0">
  <testcase classname="com.test.LoginTest" name="verifyLoginTest" time="2.818"/>
  <testcase classname="com.test.LoginTest" name="verifyError" time="5.293"/>
</testsuite> <!-- com.test.LoginTest -->
